[INFO ] [2022-03-05 06:12:33,035] ------------ START delete file in folder ------------
[INFO ] [2022-03-05 06:12:33,040] ---------- FILE is removed ---------------
[INFO ] [2022-03-05 06:12:33,044] ---------- FILE is removed ---------------
[INFO ] [2022-03-05 06:12:33,047] ---------- FILE is removed ---------------
[INFO ] [2022-03-05 06:12:33,048] ---------- FILE is removed ---------------
[INFO ] [2022-03-05 06:12:33,049] ---------- FILE is removed ---------------
[INFO ] [2022-03-05 06:12:33,050] ---------- FILE is removed ---------------
[INFO ] [2022-03-05 06:12:33,051] ------------ END delete file in folder ------------
[INFO ] [2022-03-05 06:12:33,338] Pre-Condition - Step 01: Opening the application with 'chrome'
[INFO ] [2022-03-05 06:12:40,451] Pre-Condition - Step 02: Login to system as Admin role with username & password: Admin admin123
[INFO ] [2022-03-05 06:12:44,751] Employee_01 - Step 01: Open Employee List page
[INFO ] [2022-03-05 06:12:48,240] Employee_01 - Step 02: Click to Add button
[INFO ] [2022-03-05 06:12:50,140] Employee_01 - Step 03: Input to First Name textbox
[INFO ] [2022-03-05 06:12:50,292] Employee_01 - Step 04: Input to Last Name textbox
[INFO ] [2022-03-05 06:12:50,430] Employee_01 - Step 05: Get Employee ID
[INFO ] [2022-03-05 06:12:50,474] Employee_01 - Step 06: Check to Create Login Details checkbox
[INFO ] [2022-03-05 06:12:50,585] Employee_01 - Step 07: Input to User Name textbox
[INFO ] [2022-03-05 06:12:50,709] Employee_01 - Step 08: Input to Password textbox
[INFO ] [2022-03-05 06:12:50,844] Employee_01 - Step 09: Input to Confirm Password textbox
[INFO ] [2022-03-05 06:12:50,971] Employee_01 - Step 10: Select Enabled Status dropdown
[INFO ] [2022-03-05 06:12:51,056] Employee_01 - Step 11: Click to Save button
[INFO ] [2022-03-05 06:12:54,330] Employee_01 - Step 12: Open Employee List page
[INFO ] [2022-03-05 06:12:56,880] --------------------- PASSED ---------------------
[INFO ] [2022-03-05 06:12:56,882] Employee_01 - Step 13: Input to Employee Name textbox
[INFO ] [2022-03-05 06:12:57,079] --------------------- PASSED ---------------------
[INFO ] [2022-03-05 06:12:57,079] Employee_01 - Step 14: Click to Search button
[INFO ] [2022-03-05 06:12:59,328] --------------------- PASSED ---------------------
[INFO ] [2022-03-05 06:12:59,329] Employee_01 - Step 15: Verify Information Employee is displayed in data table
[INFO ] [2022-03-05 06:12:59,401] --------------------- PASSED ---------------------
[INFO ] [2022-03-05 06:12:59,473] --------------------- PASSED ---------------------
[INFO ] [2022-03-05 06:12:59,538] --------------------- PASSED ---------------------
[INFO ] [2022-03-05 06:12:59,645] Upload_Avatar_02 - Step 01: Login to system as User role with username & password: dustin.corkery Su0c5Zghq
[INFO ] [2022-03-05 06:13:03,511] Upload_Avatar_02 - Step 02: Open 'My Info' page
[INFO ] [2022-03-05 06:13:05,207] Upload_Avatar_02 - Step 03: Click to Change photo link
[INFO ] [2022-03-05 06:13:06,103] Upload_Avatar_02 - Step 04: Upload new Avatar
[INFO ] [2022-03-05 06:13:06,178] Upload_Avatar_02 - Step 05: Click to 'Upload' button
[INFO ] [2022-03-05 06:13:12,089] Upload_Avatar_02 - Step 05: Verify success message is displayed
[INFO ] [2022-03-05 06:13:12,149] --------------------- PASSED ---------------------
[INFO ] [2022-03-05 06:13:12,149] Upload_Avatar_02 - Step 06: Verify image uploaded successfully
[INFO ] [2022-03-05 06:13:12,191] --------------------- PASSED ---------------------
[INFO ] [2022-03-05 06:13:12,197] Personal_Details_03 - Step 01: Opening 'Personal Details' form at Sidebar link
[INFO ] [2022-03-05 06:13:13,109] Personal_Details_03 - Step 02: Verify is all of fileds in 'Personal Details' form disabled
[INFO ] [2022-03-05 06:13:13,165] --------------------- PASSED ---------------------
[INFO ] [2022-03-05 06:13:13,220] --------------------- PASSED ---------------------
[INFO ] [2022-03-05 06:13:13,273] --------------------- PASSED ---------------------
[INFO ] [2022-03-05 06:13:13,327] --------------------- PASSED ---------------------
[INFO ] [2022-03-05 06:13:13,379] --------------------- PASSED ---------------------
[INFO ] [2022-03-05 06:13:13,427] --------------------- PASSED ---------------------
[INFO ] [2022-03-05 06:13:13,475] --------------------- PASSED ---------------------
[INFO ] [2022-03-05 06:13:13,521] --------------------- PASSED ---------------------
[INFO ] [2022-03-05 06:13:13,567] --------------------- PASSED ---------------------
[INFO ] [2022-03-05 06:13:13,618] --------------------- PASSED ---------------------
[INFO ] [2022-03-05 06:13:13,663] --------------------- PASSED ---------------------
[INFO ] [2022-03-05 06:13:13,663] Personal_Details_03 - Step 03: Verify is 'First Name' displayed correctly
[INFO ] [2022-03-05 06:13:13,708] --------------------- PASSED ---------------------
[INFO ] [2022-03-05 06:13:13,708] Personal_Details_03 - Step 04: Verify is 'Last Name' displayed correctly
[INFO ] [2022-03-05 06:13:13,752] --------------------- PASSED ---------------------
[INFO ] [2022-03-05 06:13:13,752] Personal_Details_03 - Step 05: Verify is 'Employee Id' displayed correctly
[INFO ] [2022-03-05 06:13:13,799] --------------------- PASSED ---------------------
[INFO ] [2022-03-05 06:13:13,800] Personal_Details_03 - Step 06: Click to 'Edit' button
[INFO ] [2022-03-05 06:13:14,956] Personal_Details_03 - Step 07: Verify is field 'Employee Id' disabled
[INFO ] [2022-03-05 06:13:15,006] --------------------- PASSED ---------------------
[INFO ] [2022-03-05 06:13:15,006] Personal_Details_03 - Step 08: Verify is field 'Driver's License Number' disabled
[INFO ] [2022-03-05 06:13:15,042] --------------------- PASSED ---------------------
[INFO ] [2022-03-05 06:13:15,043] Personal_Details_03 - Step 09: Verify is field 'SSN Number' disabled
[INFO ] [2022-03-05 06:13:15,083] --------------------- PASSED ---------------------
[INFO ] [2022-03-05 06:13:15,083] Personal_Details_03 - Step 10: Verify is field 'SIN Number' disabled
[INFO ] [2022-03-05 06:13:15,120] --------------------- PASSED ---------------------
[INFO ] [2022-03-05 06:13:15,121] Personal_Details_03 - Step 11: Verify is field 'Date of Birth' disabled
[INFO ] [2022-03-05 06:13:15,155] --------------------- PASSED ---------------------
[INFO ] [2022-03-05 06:13:15,155] Personal_Details_03 - Step 12: Updated 'First Name' textbox
[INFO ] [2022-03-05 06:13:15,285] Personal_Details_03 - Step 13: Updated 'Last Name' textbox
[INFO ] [2022-03-05 06:13:15,419] Personal_Details_03 - Step 14: Updated 'Male Gender' Radio butto
[INFO ] [2022-03-05 06:13:15,508] Personal_Details_03 - Step 15: Updated 'Marital Status' dropdown
[INFO ] [2022-03-05 06:13:15,608] Personal_Details_03 - Step 16: Updated 'Nationality' dropdown
[INFO ] [2022-03-05 06:13:15,712] Personal_Details_03 - Step 17: Click to 'Save' button
[INFO ] [2022-03-05 06:13:18,413] Personal_Details_03 - Step 18: Verify is Success message displayed
[INFO ] [2022-03-05 06:13:18,470] --------------------- PASSED ---------------------
[INFO ] [2022-03-05 06:13:18,471] Personal_Details_03 - Step 19: Verify is all of fields updated successfully
[INFO ] [2022-03-05 06:13:18,515] --------------------- PASSED ---------------------
[INFO ] [2022-03-05 06:13:18,553] --------------------- PASSED ---------------------
[INFO ] [2022-03-05 06:13:18,591] --------------------- PASSED ---------------------
[INFO ] [2022-03-05 06:13:18,627] --------------------- PASSED ---------------------
[INFO ] [2022-03-05 06:13:18,722] --------------------- PASSED ---------------------
[INFO ] [2022-03-05 06:13:20,412] --------------------- PASSED ---------------------
[INFO ] [2022-03-05 06:13:20,415] Post-Condition: Cleaning the browser 'chrome'
[INFO ] [2022-03-05 06:22:46,705] ------------ START delete file in folder ------------
[INFO ] [2022-03-05 06:22:46,773] ---------- FILE is removed ---------------
[INFO ] [2022-03-05 06:22:46,773] ---------- FILE is removed ---------------
[INFO ] [2022-03-05 06:22:46,774] ---------- FILE is removed ---------------
[INFO ] [2022-03-05 06:22:46,775] ---------- FILE is removed ---------------
[INFO ] [2022-03-05 06:22:46,776] ---------- FILE is removed ---------------
[INFO ] [2022-03-05 06:22:46,783] ---------- FILE is removed ---------------
[INFO ] [2022-03-05 06:22:46,784] ------------ END delete file in folder ------------
[INFO ] [2022-03-05 06:22:47,123] Pre-Condition - Step 01: Opening the application with 'chrome'
[INFO ] [2022-03-05 06:22:54,320] Pre-Condition - Step 02: Login to system as Admin role with username & password: Admin admin123
[INFO ] [2022-03-05 06:22:59,446] Employee_01 - Step 01: Open Employee List page
[INFO ] [2022-03-05 06:23:02,913] Employee_01 - Step 02: Click to Add button
[INFO ] [2022-03-05 06:23:04,843] Employee_01 - Step 03: Input to First Name textbox
[INFO ] [2022-03-05 06:23:05,039] Employee_01 - Step 04: Input to Last Name textbox
[INFO ] [2022-03-05 06:23:05,245] Employee_01 - Step 05: Get Employee ID
[INFO ] [2022-03-05 06:23:05,328] Employee_01 - Step 06: Check to Create Login Details checkbox
[INFO ] [2022-03-05 06:23:05,496] Employee_01 - Step 07: Input to User Name textbox
[INFO ] [2022-03-05 06:23:05,684] Employee_01 - Step 08: Input to Password textbox
[INFO ] [2022-03-05 06:23:05,885] Employee_01 - Step 09: Input to Confirm Password textbox
[INFO ] [2022-03-05 06:23:06,056] Employee_01 - Step 10: Select Enabled Status dropdown
[INFO ] [2022-03-05 06:23:06,175] Employee_01 - Step 11: Click to Save button
[INFO ] [2022-03-05 06:23:09,415] Employee_01 - Step 12: Open Employee List page
[INFO ] [2022-03-05 06:23:12,173] --------------------- PASSED ---------------------
[INFO ] [2022-03-05 06:23:12,175] Employee_01 - Step 13: Input to Employee Name textbox
[INFO ] [2022-03-05 06:23:12,408] --------------------- PASSED ---------------------
[INFO ] [2022-03-05 06:23:12,408] Employee_01 - Step 14: Click to Search button
[INFO ] [2022-03-05 06:23:14,735] --------------------- PASSED ---------------------
[INFO ] [2022-03-05 06:23:14,735] Employee_01 - Step 15: Verify Information Employee is displayed in data table
[INFO ] [2022-03-05 06:23:14,817] --------------------- PASSED ---------------------
[INFO ] [2022-03-05 06:23:14,907] --------------------- PASSED ---------------------
[INFO ] [2022-03-05 06:23:15,000] --------------------- PASSED ---------------------
[INFO ] [2022-03-05 06:23:15,142] Upload_Avatar_02 - Step 01: Login to system as User role with username & password: darell.morissette 271hz%WB
[INFO ] [2022-03-05 06:23:19,222] Upload_Avatar_02 - Step 02: Open 'My Info' page
[INFO ] [2022-03-05 06:23:20,728] Upload_Avatar_02 - Step 03: Click to Change photo link
[INFO ] [2022-03-05 06:23:21,691] Upload_Avatar_02 - Step 04: Upload new Avatar
[INFO ] [2022-03-05 06:23:21,804] Upload_Avatar_02 - Step 05: Click to 'Upload' button
[INFO ] [2022-03-05 06:23:27,250] Upload_Avatar_02 - Step 05: Verify success message is displayed
[INFO ] [2022-03-05 06:23:27,358] --------------------- PASSED ---------------------
[INFO ] [2022-03-05 06:23:27,358] Upload_Avatar_02 - Step 06: Verify image uploaded successfully
[INFO ] [2022-03-05 06:23:27,419] --------------------- PASSED ---------------------
[INFO ] [2022-03-05 06:23:27,424] Personal_Details_03 - Step 01: Opening 'Personal Details' form at Sidebar link
[INFO ] [2022-03-05 06:23:28,684] Personal_Details_03 - Step 02: Verify is all of fileds in 'Personal Details' form disabled
[INFO ] [2022-03-05 06:23:28,764] --------------------- PASSED ---------------------
[INFO ] [2022-03-05 06:23:28,832] --------------------- PASSED ---------------------
[INFO ] [2022-03-05 06:23:28,912] --------------------- PASSED ---------------------
[INFO ] [2022-03-05 06:23:28,983] --------------------- PASSED ---------------------
[INFO ] [2022-03-05 06:23:29,042] --------------------- PASSED ---------------------
[INFO ] [2022-03-05 06:23:29,123] --------------------- PASSED ---------------------
[INFO ] [2022-03-05 06:23:29,201] --------------------- PASSED ---------------------
[INFO ] [2022-03-05 06:23:29,279] --------------------- PASSED ---------------------
[INFO ] [2022-03-05 06:23:29,343] --------------------- PASSED ---------------------
[INFO ] [2022-03-05 06:23:29,409] --------------------- PASSED ---------------------
[INFO ] [2022-03-05 06:23:29,483] --------------------- PASSED ---------------------
[INFO ] [2022-03-05 06:23:29,483] Personal_Details_03 - Step 03: Verify is 'First Name' displayed correctly
[INFO ] [2022-03-05 06:23:29,550] --------------------- PASSED ---------------------
[INFO ] [2022-03-05 06:23:29,550] Personal_Details_03 - Step 04: Verify is 'Last Name' displayed correctly
[INFO ] [2022-03-05 06:23:29,627] --------------------- PASSED ---------------------
[INFO ] [2022-03-05 06:23:29,628] Personal_Details_03 - Step 05: Verify is 'Employee Id' displayed correctly
[INFO ] [2022-03-05 06:23:29,706] --------------------- PASSED ---------------------
[INFO ] [2022-03-05 06:23:29,706] Personal_Details_03 - Step 06: Click to 'Edit' button
[INFO ] [2022-03-05 06:23:30,936] Personal_Details_03 - Step 07: Verify is field 'Employee Id' disabled
[INFO ] [2022-03-05 06:23:30,994] --------------------- PASSED ---------------------
[INFO ] [2022-03-05 06:23:30,994] Personal_Details_03 - Step 08: Verify is field 'Driver's License Number' disabled
[INFO ] [2022-03-05 06:23:31,056] --------------------- PASSED ---------------------
[INFO ] [2022-03-05 06:23:31,056] Personal_Details_03 - Step 09: Verify is field 'SSN Number' disabled
[INFO ] [2022-03-05 06:23:31,118] --------------------- PASSED ---------------------
[INFO ] [2022-03-05 06:23:31,118] Personal_Details_03 - Step 10: Verify is field 'SIN Number' disabled
[INFO ] [2022-03-05 06:23:31,199] --------------------- PASSED ---------------------
[INFO ] [2022-03-05 06:23:31,199] Personal_Details_03 - Step 11: Verify is field 'Date of Birth' disabled
[INFO ] [2022-03-05 06:23:31,259] --------------------- PASSED ---------------------
[INFO ] [2022-03-05 06:23:31,259] Personal_Details_03 - Step 12: Updated 'First Name' textbox
[INFO ] [2022-03-05 06:23:31,453] Personal_Details_03 - Step 13: Updated 'Last Name' textbox
[INFO ] [2022-03-05 06:23:31,618] Personal_Details_03 - Step 14: Updated 'Male Gender' Radio butto
[INFO ] [2022-03-05 06:23:31,759] Personal_Details_03 - Step 15: Updated 'Marital Status' dropdown
[INFO ] [2022-03-05 06:23:31,933] Personal_Details_03 - Step 16: Updated 'Nationality' dropdown
[INFO ] [2022-03-05 06:23:32,083] Personal_Details_03 - Step 17: Click to 'Save' button
[INFO ] [2022-03-05 06:23:34,804] Personal_Details_03 - Step 18: Verify is Success message displayed
[INFO ] [2022-03-05 06:23:34,882] --------------------- PASSED ---------------------
[INFO ] [2022-03-05 06:23:34,882] Personal_Details_03 - Step 19: Verify is all of fields updated successfully
[INFO ] [2022-03-05 06:23:34,953] --------------------- PASSED ---------------------
[INFO ] [2022-03-05 06:23:35,017] --------------------- PASSED ---------------------
[INFO ] [2022-03-05 06:23:35,095] --------------------- PASSED ---------------------
[INFO ] [2022-03-05 06:23:35,152] --------------------- PASSED ---------------------
[INFO ] [2022-03-05 06:23:35,299] --------------------- PASSED ---------------------
[INFO ] [2022-03-05 06:23:36,258] --------------------- PASSED ---------------------
[INFO ] [2022-03-05 06:23:36,262] Post-Condition: Cleaning the browser 'chrome'
[INFO ] [2022-03-05 06:32:01,624] ------------ START delete file in folder ------------
[INFO ] [2022-03-05 06:32:01,641] ---------- FILE is removed ---------------
[INFO ] [2022-03-05 06:32:01,642] ---------- FILE is removed ---------------
[INFO ] [2022-03-05 06:32:01,642] ---------- FILE is removed ---------------
[INFO ] [2022-03-05 06:32:01,643] ---------- FILE is removed ---------------
[INFO ] [2022-03-05 06:32:01,643] ---------- FILE is removed ---------------
[INFO ] [2022-03-05 06:32:01,644] ---------- FILE is removed ---------------
[INFO ] [2022-03-05 06:32:01,644] ------------ END delete file in folder ------------
[INFO ] [2022-03-05 06:32:02,013] Pre-Condition - Step 01: Opening the application with 'chrome'
[INFO ] [2022-03-05 06:32:08,170] Pre-Condition - Step 02: Login to system as Admin role with username & password: Admin admin123
[INFO ] [2022-03-05 06:32:13,268] Employee_01 - Step 01: Open Employee List page
[INFO ] [2022-03-05 06:32:16,849] Employee_01 - Step 02: Click to Add button
[INFO ] [2022-03-05 06:32:18,805] Employee_01 - Step 03: Input to First Name textbox
[INFO ] [2022-03-05 06:32:18,977] Employee_01 - Step 04: Input to Last Name textbox
[INFO ] [2022-03-05 06:32:19,152] Employee_01 - Step 05: Get Employee ID
[INFO ] [2022-03-05 06:32:19,239] Employee_01 - Step 06: Check to Create Login Details checkbox
[INFO ] [2022-03-05 06:32:19,369] Employee_01 - Step 07: Input to User Name textbox
[INFO ] [2022-03-05 06:32:19,524] Employee_01 - Step 08: Input to Password textbox
[INFO ] [2022-03-05 06:32:19,686] Employee_01 - Step 09: Input to Confirm Password textbox
[INFO ] [2022-03-05 06:32:19,847] Employee_01 - Step 10: Select Enabled Status dropdown
[INFO ] [2022-03-05 06:32:19,977] Employee_01 - Step 11: Click to Save button
[INFO ] [2022-03-05 06:32:23,244] Employee_01 - Step 12: Open Employee List page
[INFO ] [2022-03-05 06:32:25,917] --------------------- PASSED ---------------------
[INFO ] [2022-03-05 06:32:25,920] Employee_01 - Step 13: Input to Employee Name textbox
[INFO ] [2022-03-05 06:32:26,139] --------------------- PASSED ---------------------
[INFO ] [2022-03-05 06:32:26,140] Employee_01 - Step 14: Click to Search button
[INFO ] [2022-03-05 06:32:28,452] --------------------- PASSED ---------------------
[INFO ] [2022-03-05 06:32:28,452] Employee_01 - Step 15: Verify Information Employee is displayed in data table
[INFO ] [2022-03-05 06:32:28,533] --------------------- PASSED ---------------------
[INFO ] [2022-03-05 06:32:28,625] --------------------- PASSED ---------------------
[INFO ] [2022-03-05 06:32:28,706] --------------------- PASSED ---------------------
[INFO ] [2022-03-05 06:32:28,842] Upload_Avatar_02 - Step 01: Login to system as User role with username & password: twanna.schuppe SyT9A0@01
[INFO ] [2022-03-05 06:32:32,815] Upload_Avatar_02 - Step 02: Open 'My Info' page
[INFO ] [2022-03-05 06:32:34,368] Upload_Avatar_02 - Step 03: Click to Change photo link
[INFO ] [2022-03-05 06:32:35,249] Upload_Avatar_02 - Step 04: Upload new Avatar
[INFO ] [2022-03-05 06:32:35,355] Upload_Avatar_02 - Step 05: Click to 'Upload' button
[INFO ] [2022-03-05 06:32:40,612] Upload_Avatar_02 - Step 05: Verify success message is displayed
[INFO ] [2022-03-05 06:32:40,699] --------------------- PASSED ---------------------
[INFO ] [2022-03-05 06:32:40,700] Upload_Avatar_02 - Step 06: Verify image uploaded successfully
[INFO ] [2022-03-05 06:32:40,760] --------------------- PASSED ---------------------
[INFO ] [2022-03-05 06:32:40,766] Personal_Details_03 - Step 01: Opening 'Personal Details' form at Sidebar link
[INFO ] [2022-03-05 06:32:41,904] Personal_Details_03 - Step 02: Verify is all of fileds in 'Personal Details' form disabled
[INFO ] [2022-03-05 06:32:41,975] --------------------- PASSED ---------------------
[INFO ] [2022-03-05 06:32:42,052] --------------------- PASSED ---------------------
[INFO ] [2022-03-05 06:32:42,129] --------------------- PASSED ---------------------
[INFO ] [2022-03-05 06:32:42,191] --------------------- PASSED ---------------------
[INFO ] [2022-03-05 06:32:42,268] --------------------- PASSED ---------------------
[INFO ] [2022-03-05 06:32:42,346] --------------------- PASSED ---------------------
[INFO ] [2022-03-05 06:32:42,407] --------------------- PASSED ---------------------
[INFO ] [2022-03-05 06:32:42,486] --------------------- PASSED ---------------------
[INFO ] [2022-03-05 06:32:42,566] --------------------- PASSED ---------------------
[INFO ] [2022-03-05 06:32:42,627] --------------------- PASSED ---------------------
[INFO ] [2022-03-05 06:32:42,705] --------------------- PASSED ---------------------
[INFO ] [2022-03-05 06:32:42,705] Personal_Details_03 - Step 03: Verify is 'First Name' displayed correctly
[INFO ] [2022-03-05 06:32:42,772] --------------------- PASSED ---------------------
[INFO ] [2022-03-05 06:32:42,772] Personal_Details_03 - Step 04: Verify is 'Last Name' displayed correctly
[INFO ] [2022-03-05 06:32:42,834] --------------------- PASSED ---------------------
[INFO ] [2022-03-05 06:32:42,834] Personal_Details_03 - Step 05: Verify is 'Employee Id' displayed correctly
[INFO ] [2022-03-05 06:32:42,911] --------------------- PASSED ---------------------
[INFO ] [2022-03-05 06:32:42,911] Personal_Details_03 - Step 06: Click to 'Edit' button
[INFO ] [2022-03-05 06:32:44,140] Personal_Details_03 - Step 07: Verify is field 'Employee Id' disabled
[INFO ] [2022-03-05 06:32:44,203] --------------------- PASSED ---------------------
[INFO ] [2022-03-05 06:32:44,203] Personal_Details_03 - Step 08: Verify is field 'Driver's License Number' disabled
[INFO ] [2022-03-05 06:32:44,266] --------------------- PASSED ---------------------
[INFO ] [2022-03-05 06:32:44,267] Personal_Details_03 - Step 09: Verify is field 'SSN Number' disabled
[INFO ] [2022-03-05 06:32:44,330] --------------------- PASSED ---------------------
[INFO ] [2022-03-05 06:32:44,330] Personal_Details_03 - Step 10: Verify is field 'SIN Number' disabled
[INFO ] [2022-03-05 06:32:44,390] --------------------- PASSED ---------------------
[INFO ] [2022-03-05 06:32:44,390] Personal_Details_03 - Step 11: Verify is field 'Date of Birth' disabled
[INFO ] [2022-03-05 06:32:44,454] --------------------- PASSED ---------------------
[INFO ] [2022-03-05 06:32:44,454] Personal_Details_03 - Step 12: Updated 'First Name' textbox
[INFO ] [2022-03-05 06:32:44,620] Personal_Details_03 - Step 13: Updated 'Last Name' textbox
[INFO ] [2022-03-05 06:32:44,773] Personal_Details_03 - Step 14: Updated 'Male Gender' Radio butto
[INFO ] [2022-03-05 06:32:44,904] Personal_Details_03 - Step 15: Updated 'Marital Status' dropdown
[INFO ] [2022-03-05 06:32:45,056] Personal_Details_03 - Step 16: Updated 'Nationality' dropdown
[INFO ] [2022-03-05 06:32:45,226] Personal_Details_03 - Step 17: Click to 'Save' button
[INFO ] [2022-03-05 06:32:48,025] Personal_Details_03 - Step 18: Verify is Success message displayed
[INFO ] [2022-03-05 06:32:48,102] --------------------- PASSED ---------------------
[INFO ] [2022-03-05 06:32:48,102] Personal_Details_03 - Step 19: Verify is all of fields updated successfully
[INFO ] [2022-03-05 06:32:48,160] --------------------- PASSED ---------------------
[INFO ] [2022-03-05 06:32:48,221] --------------------- PASSED ---------------------
[INFO ] [2022-03-05 06:32:48,285] --------------------- PASSED ---------------------
[INFO ] [2022-03-05 06:32:48,343] --------------------- PASSED ---------------------
[INFO ] [2022-03-05 06:32:48,487] --------------------- PASSED ---------------------
[INFO ] [2022-03-05 06:32:49,454] --------------------- PASSED ---------------------
[INFO ] [2022-03-05 06:32:49,457] Post-Condition: Cleaning the browser 'chrome'
[INFO ] [2022-03-05 06:37:19,965] ------------ START delete file in folder ------------
[INFO ] [2022-03-05 06:37:19,980] ------------ END delete file in folder ------------
[INFO ] [2022-03-05 06:37:20,365] Pre-Condition - Step 01: Opening the application with 'chrome'
[INFO ] [2022-03-05 06:37:26,539] Pre-Condition - Step 02: Login to system as Admin role with username & password: Admin admin123
[INFO ] [2022-03-05 06:37:31,728] Employee_01 - Step 01: Open Employee List page
[INFO ] [2022-03-05 06:37:35,204] Employee_01 - Step 02: Click to Add button
[INFO ] [2022-03-05 06:37:37,176] Employee_01 - Step 03: Input to First Name textbox
[INFO ] [2022-03-05 06:37:37,345] Employee_01 - Step 04: Input to Last Name textbox
[INFO ] [2022-03-05 06:37:37,521] Employee_01 - Step 05: Get Employee ID
[INFO ] [2022-03-05 06:37:37,599] Employee_01 - Step 06: Check to Create Login Details checkbox
[INFO ] [2022-03-05 06:37:37,747] Employee_01 - Step 07: Input to User Name textbox
[INFO ] [2022-03-05 06:37:37,929] Employee_01 - Step 08: Input to Password textbox
[INFO ] [2022-03-05 06:37:38,113] Employee_01 - Step 09: Input to Confirm Password textbox
[INFO ] [2022-03-05 06:37:38,269] Employee_01 - Step 10: Select Enabled Status dropdown
[INFO ] [2022-03-05 06:37:38,402] Employee_01 - Step 11: Click to Save button
[INFO ] [2022-03-05 06:37:41,556] Employee_01 - Step 12: Open Employee List page
[INFO ] [2022-03-05 06:37:44,088] --------------------- PASSED ---------------------
[INFO ] [2022-03-05 06:37:44,091] Employee_01 - Step 13: Input to Employee Name textbox
[INFO ] [2022-03-05 06:37:44,314] --------------------- PASSED ---------------------
[INFO ] [2022-03-05 06:37:44,314] Employee_01 - Step 14: Click to Search button
[INFO ] [2022-03-05 06:37:46,636] --------------------- PASSED ---------------------
[INFO ] [2022-03-05 06:37:46,636] Employee_01 - Step 15: Verify Information Employee is displayed in data table
[INFO ] [2022-03-05 06:37:46,731] --------------------- PASSED ---------------------
[INFO ] [2022-03-05 06:37:46,825] --------------------- PASSED ---------------------
[INFO ] [2022-03-05 06:37:46,922] --------------------- PASSED ---------------------
[INFO ] [2022-03-05 06:37:47,101] Upload_Avatar_02 - Step 01: Login to system as User role with username & password: anne.abernathy A%sP*W%o@
[INFO ] [2022-03-05 06:37:51,131] Upload_Avatar_02 - Step 02: Open 'My Info' page
[INFO ] [2022-03-05 06:37:52,675] Upload_Avatar_02 - Step 03: Click to Change photo link
[INFO ] [2022-03-05 06:37:53,575] Upload_Avatar_02 - Step 04: Upload new Avatar
[INFO ] [2022-03-05 06:37:53,683] Upload_Avatar_02 - Step 05: Click to 'Upload' button
[INFO ] [2022-03-05 06:37:58,897] Upload_Avatar_02 - Step 05: Verify success message is displayed
[INFO ] [2022-03-05 06:37:58,977] --------------------- PASSED ---------------------
[INFO ] [2022-03-05 06:37:58,978] Upload_Avatar_02 - Step 06: Verify image uploaded successfully
[INFO ] [2022-03-05 06:37:59,035] --------------------- PASSED ---------------------
[INFO ] [2022-03-05 06:37:59,041] Personal_Details_03 - Step 01: Opening 'Personal Details' form at Sidebar link
[INFO ] [2022-03-05 06:38:00,319] Personal_Details_03 - Step 02: Verify is all of fileds in 'Personal Details' form disabled
[INFO ] [2022-03-05 06:38:00,388] --------------------- PASSED ---------------------
[INFO ] [2022-03-05 06:38:00,464] --------------------- PASSED ---------------------
[INFO ] [2022-03-05 06:38:00,543] --------------------- PASSED ---------------------
[INFO ] [2022-03-05 06:38:00,620] --------------------- PASSED ---------------------
[INFO ] [2022-03-05 06:38:00,682] --------------------- PASSED ---------------------
[INFO ] [2022-03-05 06:38:00,762] --------------------- PASSED ---------------------
[INFO ] [2022-03-05 06:38:00,823] --------------------- PASSED ---------------------
[INFO ] [2022-03-05 06:38:00,899] --------------------- PASSED ---------------------
[INFO ] [2022-03-05 06:38:00,976] --------------------- PASSED ---------------------
[INFO ] [2022-03-05 06:38:01,041] --------------------- PASSED ---------------------
[INFO ] [2022-03-05 06:38:01,103] --------------------- PASSED ---------------------
[INFO ] [2022-03-05 06:38:01,103] Personal_Details_03 - Step 03: Verify is 'First Name' displayed correctly
[INFO ] [2022-03-05 06:38:01,186] --------------------- PASSED ---------------------
[INFO ] [2022-03-05 06:38:01,186] Personal_Details_03 - Step 04: Verify is 'Last Name' displayed correctly
[INFO ] [2022-03-05 06:38:01,247] --------------------- PASSED ---------------------
[INFO ] [2022-03-05 06:38:01,248] Personal_Details_03 - Step 05: Verify is 'Employee Id' displayed correctly
[INFO ] [2022-03-05 06:38:01,325] --------------------- PASSED ---------------------
[INFO ] [2022-03-05 06:38:01,325] Personal_Details_03 - Step 06: Click to 'Edit' button
[INFO ] [2022-03-05 06:38:02,554] Personal_Details_03 - Step 07: Verify is field 'Employee Id' disabled
[INFO ] [2022-03-05 06:38:02,617] --------------------- PASSED ---------------------
[INFO ] [2022-03-05 06:38:02,618] Personal_Details_03 - Step 08: Verify is field 'Driver's License Number' disabled
[INFO ] [2022-03-05 06:38:02,678] --------------------- PASSED ---------------------
[INFO ] [2022-03-05 06:38:02,678] Personal_Details_03 - Step 09: Verify is field 'SSN Number' disabled
[INFO ] [2022-03-05 06:38:02,742] --------------------- PASSED ---------------------
[INFO ] [2022-03-05 06:38:02,742] Personal_Details_03 - Step 10: Verify is field 'SIN Number' disabled
[INFO ] [2022-03-05 06:38:02,804] --------------------- PASSED ---------------------
[INFO ] [2022-03-05 06:38:02,804] Personal_Details_03 - Step 11: Verify is field 'Date of Birth' disabled
[INFO ] [2022-03-05 06:38:02,867] --------------------- PASSED ---------------------
[INFO ] [2022-03-05 06:38:02,867] Personal_Details_03 - Step 12: Updated 'First Name' textbox
[INFO ] [2022-03-05 06:38:03,050] Personal_Details_03 - Step 13: Updated 'Last Name' textbox
[INFO ] [2022-03-05 06:38:03,221] Personal_Details_03 - Step 14: Updated 'Male Gender' Radio butto
[INFO ] [2022-03-05 06:38:03,348] Personal_Details_03 - Step 15: Updated 'Marital Status' dropdown
[INFO ] [2022-03-05 06:38:03,532] Personal_Details_03 - Step 16: Updated 'Nationality' dropdown
[INFO ] [2022-03-05 06:38:03,690] Personal_Details_03 - Step 17: Click to 'Save' button
[INFO ] [2022-03-05 06:38:06,414] Personal_Details_03 - Step 18: Verify is Success message displayed
[INFO ] [2022-03-05 06:38:06,493] --------------------- PASSED ---------------------
[INFO ] [2022-03-05 06:38:06,493] Personal_Details_03 - Step 19: Verify is all of fields updated successfully
[INFO ] [2022-03-05 06:38:06,553] --------------------- PASSED ---------------------
[INFO ] [2022-03-05 06:38:06,632] --------------------- PASSED ---------------------
[INFO ] [2022-03-05 06:38:06,709] --------------------- PASSED ---------------------
[INFO ] [2022-03-05 06:38:06,769] --------------------- PASSED ---------------------
[INFO ] [2022-03-05 06:38:06,888] --------------------- PASSED ---------------------
[INFO ] [2022-03-05 06:38:07,675] --------------------- PASSED ---------------------
[INFO ] [2022-03-05 06:38:07,679] Post-Condition: Cleaning the browser 'chrome'
[INFO ] [2022-03-05 08:32:24,804] ------------ START delete file in folder ------------
[INFO ] [2022-03-05 08:32:24,859] ------------ END delete file in folder ------------
[INFO ] [2022-03-05 08:32:25,242] Pre-Condition - Step 01: Opening the application with 'chrome'
[INFO ] [2022-03-05 08:32:33,184] Pre-Condition - Step 02: Login to system as Admin role with username & password: Admin admin123
[INFO ] [2022-03-05 08:32:38,467] Employee_01 - Step 01: Open Employee List page
[INFO ] [2022-03-05 08:32:41,894] Employee_01 - Step 02: Click to Add button
[INFO ] [2022-03-05 08:32:43,821] Employee_01 - Step 03: Input to First Name textbox
[INFO ] [2022-03-05 08:32:44,021] Employee_01 - Step 04: Input to Last Name textbox
[INFO ] [2022-03-05 08:32:44,193] Employee_01 - Step 05: Get Employee ID
[INFO ] [2022-03-05 08:32:44,276] Employee_01 - Step 06: Check to Create Login Details checkbox
[INFO ] [2022-03-05 08:32:44,412] Employee_01 - Step 07: Input to User Name textbox
[INFO ] [2022-03-05 08:32:44,594] Employee_01 - Step 08: Input to Password textbox
[INFO ] [2022-03-05 08:32:44,773] Employee_01 - Step 09: Input to Confirm Password textbox
[INFO ] [2022-03-05 08:32:44,955] Employee_01 - Step 10: Select Enabled Status dropdown
[INFO ] [2022-03-05 08:32:45,098] Employee_01 - Step 11: Click to Save button
[INFO ] [2022-03-05 08:32:48,383] Employee_01 - Step 12: Open Employee List page
[INFO ] [2022-03-05 08:32:51,218] --------------------- PASSED ---------------------
[INFO ] [2022-03-05 08:32:51,221] Employee_01 - Step 13: Input to Employee Name textbox
[INFO ] [2022-03-05 08:32:51,438] --------------------- PASSED ---------------------
[INFO ] [2022-03-05 08:32:51,438] Employee_01 - Step 14: Click to Search button
[INFO ] [2022-03-05 08:32:53,764] --------------------- PASSED ---------------------
[INFO ] [2022-03-05 08:32:53,764] Employee_01 - Step 15: Verify Information Employee is displayed in data table
[INFO ] [2022-03-05 08:32:53,865] --------------------- PASSED ---------------------
[INFO ] [2022-03-05 08:32:53,937] --------------------- PASSED ---------------------
[INFO ] [2022-03-05 08:32:54,014] --------------------- PASSED ---------------------
[INFO ] [2022-03-05 08:32:54,161] Upload_Avatar_02 - Step 01: Login to system as User role with username & password: leah.fritsch 79vdJ13Bk
[INFO ] [2022-03-05 08:32:59,971] Upload_Avatar_02 - Step 02: Open 'My Info' page
[INFO ] [2022-03-05 08:33:01,635] Upload_Avatar_02 - Step 03: Click to Change photo link
[INFO ] [2022-03-05 08:33:02,695] Upload_Avatar_02 - Step 04: Upload new Avatar
[INFO ] [2022-03-05 08:33:02,800] Upload_Avatar_02 - Step 05: Click to 'Upload' button
[INFO ] [2022-03-05 08:33:08,316] Upload_Avatar_02 - Step 05: Verify success message is displayed
[INFO ] [2022-03-05 08:33:08,404] --------------------- PASSED ---------------------
[INFO ] [2022-03-05 08:33:08,404] Upload_Avatar_02 - Step 06: Verify image uploaded successfully
[INFO ] [2022-03-05 08:33:08,463] --------------------- PASSED ---------------------
[INFO ] [2022-03-05 08:33:08,469] Personal_Details_03 - Step 01: Opening 'Personal Details' form at Sidebar link
[INFO ] [2022-03-05 08:33:09,353] Personal_Details_03 - Step 02: Verify is all of fileds in 'Personal Details' form disabled
[INFO ] [2022-03-05 08:33:09,429] --------------------- PASSED ---------------------
[INFO ] [2022-03-05 08:33:09,509] --------------------- PASSED ---------------------
[INFO ] [2022-03-05 08:33:09,584] --------------------- PASSED ---------------------
[INFO ] [2022-03-05 08:33:09,660] --------------------- PASSED ---------------------
[INFO ] [2022-03-05 08:33:09,740] --------------------- PASSED ---------------------
[INFO ] [2022-03-05 08:33:09,819] --------------------- PASSED ---------------------
[INFO ] [2022-03-05 08:33:09,896] --------------------- PASSED ---------------------
[INFO ] [2022-03-05 08:33:09,972] --------------------- PASSED ---------------------
[INFO ] [2022-03-05 08:33:10,050] --------------------- PASSED ---------------------
[INFO ] [2022-03-05 08:33:10,132] --------------------- PASSED ---------------------
[INFO ] [2022-03-05 08:33:10,208] --------------------- PASSED ---------------------
[INFO ] [2022-03-05 08:33:10,208] Personal_Details_03 - Step 03: Verify is 'First Name' displayed correctly
[INFO ] [2022-03-05 08:33:10,291] --------------------- PASSED ---------------------
[INFO ] [2022-03-05 08:33:10,291] Personal_Details_03 - Step 04: Verify is 'Last Name' displayed correctly
[INFO ] [2022-03-05 08:33:10,368] --------------------- PASSED ---------------------
[INFO ] [2022-03-05 08:33:10,368] Personal_Details_03 - Step 05: Verify is 'Employee Id' displayed correctly
[INFO ] [2022-03-05 08:33:10,431] --------------------- PASSED ---------------------
[INFO ] [2022-03-05 08:33:10,431] Personal_Details_03 - Step 06: Click to 'Edit' button
[INFO ] [2022-03-05 08:33:11,660] Personal_Details_03 - Step 07: Verify is field 'Employee Id' disabled
[INFO ] [2022-03-05 08:33:11,721] --------------------- PASSED ---------------------
[INFO ] [2022-03-05 08:33:11,722] Personal_Details_03 - Step 08: Verify is field 'Driver's License Number' disabled
[INFO ] [2022-03-05 08:33:11,782] --------------------- PASSED ---------------------
[INFO ] [2022-03-05 08:33:11,783] Personal_Details_03 - Step 09: Verify is field 'SSN Number' disabled
[INFO ] [2022-03-05 08:33:11,844] --------------------- PASSED ---------------------
[INFO ] [2022-03-05 08:33:11,845] Personal_Details_03 - Step 10: Verify is field 'SIN Number' disabled
[INFO ] [2022-03-05 08:33:11,907] --------------------- PASSED ---------------------
[INFO ] [2022-03-05 08:33:11,907] Personal_Details_03 - Step 11: Verify is field 'Date of Birth' disabled
[INFO ] [2022-03-05 08:33:11,969] --------------------- PASSED ---------------------
[INFO ] [2022-03-05 08:33:11,969] Personal_Details_03 - Step 12: Updated 'First Name' textbox
[INFO ] [2022-03-05 08:33:12,151] Personal_Details_03 - Step 13: Updated 'Last Name' textbox
[INFO ] [2022-03-05 08:33:12,310] Personal_Details_03 - Step 14: Updated 'Male Gender' Radio butto
[INFO ] [2022-03-05 08:33:12,434] Personal_Details_03 - Step 15: Updated 'Marital Status' dropdown
[INFO ] [2022-03-05 08:33:12,607] Personal_Details_03 - Step 16: Updated 'Nationality' dropdown
[INFO ] [2022-03-05 08:33:12,763] Personal_Details_03 - Step 17: Click to 'Save' button
[INFO ] [2022-03-05 08:33:15,833] Personal_Details_03 - Step 18: Verify is Success message displayed
[INFO ] [2022-03-05 08:33:15,912] --------------------- PASSED ---------------------
[INFO ] [2022-03-05 08:33:15,912] Personal_Details_03 - Step 19: Verify is all of fields updated successfully
[INFO ] [2022-03-05 08:33:15,972] --------------------- PASSED ---------------------
[INFO ] [2022-03-05 08:33:16,033] --------------------- PASSED ---------------------
[INFO ] [2022-03-05 08:33:16,100] --------------------- PASSED ---------------------
[INFO ] [2022-03-05 08:33:16,155] --------------------- PASSED ---------------------
[INFO ] [2022-03-05 08:33:16,303] --------------------- PASSED ---------------------
[INFO ] [2022-03-05 08:33:17,173] --------------------- PASSED ---------------------
[INFO ] [2022-03-05 08:33:17,177] Post-Condition: Cleaning the browser 'chrome'
